14:20:49,239 INFO  [ModuleDeployer] Deploying module: metadataExchange-1.7.6 - file:/home/sisisisi/apache-tomcat-9.0.12/webapps/ode/WEB-INF/modules/mex-1.7.6.mar
14:20:49,248 INFO  [ModuleDeployer] Deploying module: rampart-1.7.1 - file:/home/sisisisi/apache-tomcat-9.0.12/webapps/ode/WEB-INF/modules/rampart-1.7.1.mar
14:20:49,255 INFO  [ModuleDeployer] Deploying module: rahas-1.7.1 - file:/home/sisisisi/apache-tomcat-9.0.12/webapps/ode/WEB-INF/modules/rahas-1.7.1.mar
14:20:49,267 INFO  [ModuleDeployer] Deploying module: addressing-1.7.6 - file:/home/sisisisi/apache-tomcat-9.0.12/webapps/ode/WEB-INF/modules/addressing-1.7.6.mar
14:20:50,181 INFO  [TCPTransportSender] TCP Sender started
14:20:50,232 INFO  [DeploymentEngine] Deploying Web service: version.aar - file:/home/sisisisi/apache-tomcat-9.0.12/webapps/ode/WEB-INF/services/version.aar
14:20:50,251 INFO  [EmbeddedGeronimoFactory] Using embedded Geronimo transaction manager
14:20:50,462 INFO  [ODEServer] Using DAO Connection Factory class org.apache.ode.dao.jpa.BPELDAOConnectionFactoryImpl.
14:20:50,462 INFO  [Database] Using DAO Connection Factory class org.apache.ode.dao.jpa.BPELDAOConnectionFactoryImpl.
14:20:50,671 INFO  [DbConfStoreConnectionFactory] ProcessStore initializing transaction manager using org.apache.ode.il.EmbeddedGeronimoFactory
14:20:50,671 INFO  [EmbeddedGeronimoFactory] Using embedded Geronimo transaction manager
14:20:50,874 INFO  [JdbcDelegate] Using database Apache Derby major version 10
14:20:50,875 INFO  [JdbcDelegate] Using database dialect: DERBY
14:20:51,643 INFO  [DeploymentUnitDir] Can't initialize beans.xml application context org.springframework.beans.factory.BeanDefinitionStoreException: IOException parsing XML document from class path resource [beans.xml]; nested exception is java.io.FileNotFoundException: class path resource [beans.xml] cannot be opened because it does not exist for HelloVilag
14:20:52,015 INFO  [WatchDog] [Endpoint files for {DeploymentUnit HelloVilag}] updated
14:20:52,265 INFO  [BpelServerImpl] Registered process {http://hellovilag.localhost}HelloVilag-1.
14:20:52,274 INFO  [BpelServerImpl] BPEL Server Started.
14:20:52,276 INFO  [SystemSchedulesConfig] SYSTEM CRON configuration: /home/sisisisi/apache-tomcat-9.0.12/webapps/ode/WEB-INF/conf/schedules.xml
14:20:52,413 INFO  [DeploymentPoller] Poller started.
14:20:52,413 INFO  [ODEServer] Process deployment polling started on path /home/sisisisi/apache-tomcat-9.0.12/webapps/ode/WEB-INF/processes.
14:20:52,413 INFO  [ODEServer] ODE Service Engine has been started.
14:20:52,415 INFO  [WatchDog] [/home/sisisisi/apache-tomcat-9.0.12/webapps/ode/WEB-INF/processes/HelloVilag/deploy.xml] updated
14:20:52,415 INFO  [WatchDog] [/home/sisisisi/apache-tomcat-9.0.12/webapps/ode/WEB-INF/conf/schedules.xml] initialized
14:21:22,420 INFO  [WatchDog] [/home/sisisisi/apache-tomcat-9.0.12/webapps/ode/WEB-INF/conf/schedules.xml] initialized
14:21:52,425 INFO  [WatchDog] [/home/sisisisi/apache-tomcat-9.0.12/webapps/ode/WEB-INF/conf/schedules.xml] initialized
14:22:22,429 INFO  [WatchDog] [/home/sisisisi/apache-tomcat-9.0.12/webapps/ode/WEB-INF/conf/schedules.xml] initialized
14:22:52,434 INFO  [WatchDog] [/home/sisisisi/apache-tomcat-9.0.12/webapps/ode/WEB-INF/conf/schedules.xml] initialized
14:23:22,438 INFO  [WatchDog] [/home/sisisisi/apache-tomcat-9.0.12/webapps/ode/WEB-INF/conf/schedules.xml] initialized
14:23:52,443 INFO  [WatchDog] [/home/sisisisi/apache-tomcat-9.0.12/webapps/ode/WEB-INF/conf/schedules.xml] initialized
14:24:22,447 INFO  [WatchDog] [/home/sisisisi/apache-tomcat-9.0.12/webapps/ode/WEB-INF/conf/schedules.xml] initialized
14:24:52,451 INFO  [WatchDog] [/home/sisisisi/apache-tomcat-9.0.12/webapps/ode/WEB-INF/conf/schedules.xml] initialized
14:25:22,456 INFO  [WatchDog] [/home/sisisisi/apache-tomcat-9.0.12/webapps/ode/WEB-INF/conf/schedules.xml] initialized
14:25:52,460 INFO  [WatchDog] [/home/sisisisi/apache-tomcat-9.0.12/webapps/ode/WEB-INF/conf/schedules.xml] initialized
14:26:22,464 INFO  [WatchDog] [/home/sisisisi/apache-tomcat-9.0.12/webapps/ode/WEB-INF/conf/schedules.xml] initialized
14:26:52,468 INFO  [WatchDog] [/home/sisisisi/apache-tomcat-9.0.12/webapps/ode/WEB-INF/conf/schedules.xml] initialized
14:27:22,474 INFO  [WatchDog] [/home/sisisisi/apache-tomcat-9.0.12/webapps/ode/WEB-INF/conf/schedules.xml] initialized
14:27:52,478 INFO  [WatchDog] [/home/sisisisi/apache-tomcat-9.0.12/webapps/ode/WEB-INF/conf/schedules.xml] initialized
14:28:22,482 INFO  [WatchDog] [/home/sisisisi/apache-tomcat-9.0.12/webapps/ode/WEB-INF/conf/schedules.xml] initialized
14:28:52,486 INFO  [WatchDog] [/home/sisisisi/apache-tomcat-9.0.12/webapps/ode/WEB-INF/conf/schedules.xml] initialized
14:29:22,490 INFO  [WatchDog] [/home/sisisisi/apache-tomcat-9.0.12/webapps/ode/WEB-INF/conf/schedules.xml] initialized
14:29:52,494 INFO  [WatchDog] [/home/sisisisi/apache-tomcat-9.0.12/webapps/ode/WEB-INF/conf/schedules.xml] initialized
14:30:22,498 INFO  [WatchDog] [/home/sisisisi/apache-tomcat-9.0.12/webapps/ode/WEB-INF/conf/schedules.xml] initialized
14:30:52,502 INFO  [WatchDog] [/home/sisisisi/apache-tomcat-9.0.12/webapps/ode/WEB-INF/conf/schedules.xml] initialized
14:31:22,506 INFO  [WatchDog] [/home/sisisisi/apache-tomcat-9.0.12/webapps/ode/WEB-INF/conf/schedules.xml] initialized
14:31:28,119 INFO  [TCPTransportSender] TCP Sender Shutdown
14:31:28,121 INFO  [BpelServerImpl] BPEL Server Stopped.
14:31:28,135 INFO  [ODEServer] Shutdown completed. 
14:31:34,145 INFO  [ModuleDeployer] Deploying module: metadataExchange-1.7.6 - file:/home/sisisisi/apache-tomcat-9.0.12/webapps/ode/WEB-INF/modules/mex-1.7.6.mar
14:31:34,157 INFO  [ModuleDeployer] Deploying module: rampart-1.7.1 - file:/home/sisisisi/apache-tomcat-9.0.12/webapps/ode/WEB-INF/modules/rampart-1.7.1.mar
14:31:34,166 INFO  [ModuleDeployer] Deploying module: rahas-1.7.1 - file:/home/sisisisi/apache-tomcat-9.0.12/webapps/ode/WEB-INF/modules/rahas-1.7.1.mar
14:31:34,182 INFO  [ModuleDeployer] Deploying module: addressing-1.7.6 - file:/home/sisisisi/apache-tomcat-9.0.12/webapps/ode/WEB-INF/modules/addressing-1.7.6.mar
14:31:35,209 INFO  [TCPTransportSender] TCP Sender started
14:31:35,250 INFO  [DeploymentEngine] Deploying Web service: version.aar - file:/home/sisisisi/apache-tomcat-9.0.12/webapps/ode/WEB-INF/services/version.aar
14:31:35,264 INFO  [EmbeddedGeronimoFactory] Using embedded Geronimo transaction manager
14:31:35,404 INFO  [ODEServer] Using DAO Connection Factory class org.apache.ode.dao.jpa.BPELDAOConnectionFactoryImpl.
14:31:35,404 INFO  [Database] Using DAO Connection Factory class org.apache.ode.dao.jpa.BPELDAOConnectionFactoryImpl.
14:31:35,594 INFO  [DbConfStoreConnectionFactory] ProcessStore initializing transaction manager using org.apache.ode.il.EmbeddedGeronimoFactory
14:31:35,594 INFO  [EmbeddedGeronimoFactory] Using embedded Geronimo transaction manager
14:31:35,793 INFO  [JdbcDelegate] Using database Apache Derby major version 10
14:31:35,794 INFO  [JdbcDelegate] Using database dialect: DERBY
14:31:36,509 INFO  [DeploymentUnitDir] Can't initialize beans.xml application context org.springframework.beans.factory.BeanDefinitionStoreException: IOException parsing XML document from class path resource [beans.xml]; nested exception is java.io.FileNotFoundException: class path resource [beans.xml] cannot be opened because it does not exist for HelloVilag
14:31:36,923 INFO  [WatchDog] [Endpoint files for {DeploymentUnit HelloVilag}] updated
14:31:37,179 INFO  [BpelServerImpl] Registered process {http://hellovilag.localhost}HelloVilag-1.
14:31:37,191 INFO  [BpelServerImpl] BPEL Server Started.
14:31:37,194 INFO  [SystemSchedulesConfig] SYSTEM CRON configuration: /home/sisisisi/apache-tomcat-9.0.12/webapps/ode/WEB-INF/conf/schedules.xml
14:31:37,362 INFO  [DeploymentPoller] Poller started.
14:31:37,362 INFO  [ODEServer] Process deployment polling started on path /home/sisisisi/apache-tomcat-9.0.12/webapps/ode/WEB-INF/processes.
14:31:37,362 INFO  [ODEServer] ODE Service Engine has been started.
14:31:37,363 INFO  [WatchDog] [/home/sisisisi/apache-tomcat-9.0.12/webapps/ode/WEB-INF/processes/HelloVilag/deploy.xml] updated
14:31:37,363 INFO  [WatchDog] [/home/sisisisi/apache-tomcat-9.0.12/webapps/ode/WEB-INF/conf/schedules.xml] initialized
14:32:07,368 INFO  [WatchDog] [/home/sisisisi/apache-tomcat-9.0.12/webapps/ode/WEB-INF/conf/schedules.xml] initialized
14:32:37,372 INFO  [WatchDog] [/home/sisisisi/apache-tomcat-9.0.12/webapps/ode/WEB-INF/conf/schedules.xml] initialized
14:33:07,376 INFO  [WatchDog] [/home/sisisisi/apache-tomcat-9.0.12/webapps/ode/WEB-INF/conf/schedules.xml] initialized
14:33:37,381 INFO  [WatchDog] [/home/sisisisi/apache-tomcat-9.0.12/webapps/ode/WEB-INF/conf/schedules.xml] initialized
14:34:07,385 INFO  [WatchDog] [/home/sisisisi/apache-tomcat-9.0.12/webapps/ode/WEB-INF/conf/schedules.xml] initialized
14:34:37,389 INFO  [WatchDog] [/home/sisisisi/apache-tomcat-9.0.12/webapps/ode/WEB-INF/conf/schedules.xml] initialized
14:35:07,394 INFO  [WatchDog] [/home/sisisisi/apache-tomcat-9.0.12/webapps/ode/WEB-INF/conf/schedules.xml] initialized
14:35:37,399 INFO  [WatchDog] [/home/sisisisi/apache-tomcat-9.0.12/webapps/ode/WEB-INF/conf/schedules.xml] initialized
14:36:07,403 INFO  [WatchDog] [/home/sisisisi/apache-tomcat-9.0.12/webapps/ode/WEB-INF/conf/schedules.xml] initialized
14:36:37,408 INFO  [WatchDog] [/home/sisisisi/apache-tomcat-9.0.12/webapps/ode/WEB-INF/conf/schedules.xml] initialized
14:37:07,412 INFO  [WatchDog] [/home/sisisisi/apache-tomcat-9.0.12/webapps/ode/WEB-INF/conf/schedules.xml] initialized
14:37:37,417 INFO  [WatchDog] [/home/sisisisi/apache-tomcat-9.0.12/webapps/ode/WEB-INF/conf/schedules.xml] initialized
14:38:07,422 INFO  [WatchDog] [/home/sisisisi/apache-tomcat-9.0.12/webapps/ode/WEB-INF/conf/schedules.xml] initialized
14:38:37,427 INFO  [WatchDog] [/home/sisisisi/apache-tomcat-9.0.12/webapps/ode/WEB-INF/conf/schedules.xml] initialized
14:39:07,431 INFO  [WatchDog] [/home/sisisisi/apache-tomcat-9.0.12/webapps/ode/WEB-INF/conf/schedules.xml] initialized
14:39:37,435 INFO  [WatchDog] [/home/sisisisi/apache-tomcat-9.0.12/webapps/ode/WEB-INF/conf/schedules.xml] initialized
14:40:07,439 INFO  [WatchDog] [/home/sisisisi/apache-tomcat-9.0.12/webapps/ode/WEB-INF/conf/schedules.xml] initialized
14:40:37,444 INFO  [WatchDog] [/home/sisisisi/apache-tomcat-9.0.12/webapps/ode/WEB-INF/conf/schedules.xml] initialized
14:41:07,448 INFO  [WatchDog] [/home/sisisisi/apache-tomcat-9.0.12/webapps/ode/WEB-INF/conf/schedules.xml] initialized
14:41:37,452 INFO  [WatchDog] [/home/sisisisi/apache-tomcat-9.0.12/webapps/ode/WEB-INF/conf/schedules.xml] initialized
14:42:01,310 INFO  [TCPTransportSender] TCP Sender Shutdown
14:42:01,312 INFO  [BpelServerImpl] BPEL Server Stopped.
14:42:01,326 INFO  [ODEServer] Shutdown completed. 
14:51:28,063 INFO  [ModuleDeployer] Deploying module: metadataExchange-1.7.6 - file:/home/sisisisi/apache-tomcat-9.0.12/webapps/ode/WEB-INF/modules/mex-1.7.6.mar
14:51:28,071 INFO  [ModuleDeployer] Deploying module: rampart-1.7.1 - file:/home/sisisisi/apache-tomcat-9.0.12/webapps/ode/WEB-INF/modules/rampart-1.7.1.mar
14:51:28,077 INFO  [ModuleDeployer] Deploying module: rahas-1.7.1 - file:/home/sisisisi/apache-tomcat-9.0.12/webapps/ode/WEB-INF/modules/rahas-1.7.1.mar
14:51:28,088 INFO  [ModuleDeployer] Deploying module: addressing-1.7.6 - file:/home/sisisisi/apache-tomcat-9.0.12/webapps/ode/WEB-INF/modules/addressing-1.7.6.mar
14:51:29,015 INFO  [TCPTransportSender] TCP Sender started
14:51:29,055 INFO  [DeploymentEngine] Deploying Web service: version.aar - file:/home/sisisisi/apache-tomcat-9.0.12/webapps/ode/WEB-INF/services/version.aar
14:51:29,068 INFO  [EmbeddedGeronimoFactory] Using embedded Geronimo transaction manager
14:51:29,202 INFO  [ODEServer] Using DAO Connection Factory class org.apache.ode.dao.jpa.BPELDAOConnectionFactoryImpl.
14:51:29,203 INFO  [Database] Using DAO Connection Factory class org.apache.ode.dao.jpa.BPELDAOConnectionFactoryImpl.
14:51:29,351 INFO  [DbConfStoreConnectionFactory] ProcessStore initializing transaction manager using org.apache.ode.il.EmbeddedGeronimoFactory
14:51:29,352 INFO  [EmbeddedGeronimoFactory] Using embedded Geronimo transaction manager
14:51:29,547 INFO  [JdbcDelegate] Using database Apache Derby major version 10
14:51:29,548 INFO  [JdbcDelegate] Using database dialect: DERBY
14:51:30,277 INFO  [DeploymentUnitDir] Can't initialize beans.xml application context org.springframework.beans.factory.BeanDefinitionStoreException: IOException parsing XML document from class path resource [beans.xml]; nested exception is java.io.FileNotFoundException: class path resource [beans.xml] cannot be opened because it does not exist for HelloVilag
14:51:30,619 INFO  [WatchDog] [Endpoint files for {DeploymentUnit HelloVilag}] updated
14:51:30,863 INFO  [BpelServerImpl] Registered process {http://hellovilag.localhost}HelloVilag-1.
14:51:30,875 INFO  [BpelServerImpl] BPEL Server Started.
14:51:30,877 INFO  [SystemSchedulesConfig] SYSTEM CRON configuration: /home/sisisisi/apache-tomcat-9.0.12/webapps/ode/WEB-INF/conf/schedules.xml
14:51:31,062 INFO  [DeploymentPoller] Poller started.
14:51:31,062 INFO  [ODEServer] Process deployment polling started on path /home/sisisisi/apache-tomcat-9.0.12/webapps/ode/WEB-INF/processes.
14:51:31,062 INFO  [ODEServer] ODE Service Engine has been started.
14:51:31,063 INFO  [WatchDog] [/home/sisisisi/apache-tomcat-9.0.12/webapps/ode/WEB-INF/processes/HelloVilag/deploy.xml] updated
14:51:31,064 INFO  [WatchDog] [/home/sisisisi/apache-tomcat-9.0.12/webapps/ode/WEB-INF/conf/schedules.xml] initialized
14:52:01,068 INFO  [WatchDog] [/home/sisisisi/apache-tomcat-9.0.12/webapps/ode/WEB-INF/conf/schedules.xml] initialized
14:52:31,073 INFO  [WatchDog] [/home/sisisisi/apache-tomcat-9.0.12/webapps/ode/WEB-INF/conf/schedules.xml] initialized
14:53:01,077 INFO  [WatchDog] [/home/sisisisi/apache-tomcat-9.0.12/webapps/ode/WEB-INF/conf/schedules.xml] initialized
14:53:31,082 INFO  [WatchDog] [/home/sisisisi/apache-tomcat-9.0.12/webapps/ode/WEB-INF/conf/schedules.xml] initialized
14:54:01,087 INFO  [WatchDog] [/home/sisisisi/apache-tomcat-9.0.12/webapps/ode/WEB-INF/conf/schedules.xml] initialized
14:54:31,092 INFO  [WatchDog] [/home/sisisisi/apache-tomcat-9.0.12/webapps/ode/WEB-INF/conf/schedules.xml] initialized
14:55:01,096 INFO  [WatchDog] [/home/sisisisi/apache-tomcat-9.0.12/webapps/ode/WEB-INF/conf/schedules.xml] initialized
14:55:31,101 INFO  [WatchDog] [/home/sisisisi/apache-tomcat-9.0.12/webapps/ode/WEB-INF/conf/schedules.xml] initialized
14:56:01,106 INFO  [WatchDog] [/home/sisisisi/apache-tomcat-9.0.12/webapps/ode/WEB-INF/conf/schedules.xml] initialized
14:56:31,110 INFO  [WatchDog] [/home/sisisisi/apache-tomcat-9.0.12/webapps/ode/WEB-INF/conf/schedules.xml] initialized
14:57:01,114 INFO  [WatchDog] [/home/sisisisi/apache-tomcat-9.0.12/webapps/ode/WEB-INF/conf/schedules.xml] initialized
14:57:31,119 INFO  [WatchDog] [/home/sisisisi/apache-tomcat-9.0.12/webapps/ode/WEB-INF/conf/schedules.xml] initialized
14:58:01,124 INFO  [WatchDog] [/home/sisisisi/apache-tomcat-9.0.12/webapps/ode/WEB-INF/conf/schedules.xml] initialized
14:58:31,128 INFO  [WatchDog] [/home/sisisisi/apache-tomcat-9.0.12/webapps/ode/WEB-INF/conf/schedules.xml] initialized
14:59:01,132 INFO  [WatchDog] [/home/sisisisi/apache-tomcat-9.0.12/webapps/ode/WEB-INF/conf/schedules.xml] initialized
14:59:31,135 INFO  [WatchDog] [/home/sisisisi/apache-tomcat-9.0.12/webapps/ode/WEB-INF/conf/schedules.xml] initialized
15:00:01,140 INFO  [WatchDog] [/home/sisisisi/apache-tomcat-9.0.12/webapps/ode/WEB-INF/conf/schedules.xml] initialized
15:00:31,144 INFO  [WatchDog] [/home/sisisisi/apache-tomcat-9.0.12/webapps/ode/WEB-INF/conf/schedules.xml] initialized
15:01:01,148 INFO  [WatchDog] [/home/sisisisi/apache-tomcat-9.0.12/webapps/ode/WEB-INF/conf/schedules.xml] initialized
15:01:31,152 INFO  [WatchDog] [/home/sisisisi/apache-tomcat-9.0.12/webapps/ode/WEB-INF/conf/schedules.xml] initialized
15:02:01,157 INFO  [WatchDog] [/home/sisisisi/apache-tomcat-9.0.12/webapps/ode/WEB-INF/conf/schedules.xml] initialized
15:02:31,161 INFO  [WatchDog] [/home/sisisisi/apache-tomcat-9.0.12/webapps/ode/WEB-INF/conf/schedules.xml] initialized
15:03:01,166 INFO  [WatchDog] [/home/sisisisi/apache-tomcat-9.0.12/webapps/ode/WEB-INF/conf/schedules.xml] initialized
15:03:31,170 INFO  [WatchDog] [/home/sisisisi/apache-tomcat-9.0.12/webapps/ode/WEB-INF/conf/schedules.xml] initialized
15:04:01,174 INFO  [WatchDog] [/home/sisisisi/apache-tomcat-9.0.12/webapps/ode/WEB-INF/conf/schedules.xml] initialized
15:04:31,179 INFO  [WatchDog] [/home/sisisisi/apache-tomcat-9.0.12/webapps/ode/WEB-INF/conf/schedules.xml] initialized
15:05:01,183 INFO  [WatchDog] [/home/sisisisi/apache-tomcat-9.0.12/webapps/ode/WEB-INF/conf/schedules.xml] initialized
15:05:31,187 INFO  [WatchDog] [/home/sisisisi/apache-tomcat-9.0.12/webapps/ode/WEB-INF/conf/schedules.xml] initialized
15:06:01,191 INFO  [WatchDog] [/home/sisisisi/apache-tomcat-9.0.12/webapps/ode/WEB-INF/conf/schedules.xml] initialized
15:06:31,195 INFO  [WatchDog] [/home/sisisisi/apache-tomcat-9.0.12/webapps/ode/WEB-INF/conf/schedules.xml] initialized
15:07:01,199 INFO  [WatchDog] [/home/sisisisi/apache-tomcat-9.0.12/webapps/ode/WEB-INF/conf/schedules.xml] initialized
15:07:31,202 INFO  [WatchDog] [/home/sisisisi/apache-tomcat-9.0.12/webapps/ode/WEB-INF/conf/schedules.xml] initialized
15:08:01,206 INFO  [WatchDog] [/home/sisisisi/apache-tomcat-9.0.12/webapps/ode/WEB-INF/conf/schedules.xml] initialized
15:08:31,210 INFO  [WatchDog] [/home/sisisisi/apache-tomcat-9.0.12/webapps/ode/WEB-INF/conf/schedules.xml] initialized
15:09:01,214 INFO  [WatchDog] [/home/sisisisi/apache-tomcat-9.0.12/webapps/ode/WEB-INF/conf/schedules.xml] initialized
15:09:31,219 INFO  [WatchDog] [/home/sisisisi/apache-tomcat-9.0.12/webapps/ode/WEB-INF/conf/schedules.xml] initialized
15:10:01,223 INFO  [WatchDog] [/home/sisisisi/apache-tomcat-9.0.12/webapps/ode/WEB-INF/conf/schedules.xml] initialized
15:10:31,227 INFO  [WatchDog] [/home/sisisisi/apache-tomcat-9.0.12/webapps/ode/WEB-INF/conf/schedules.xml] initialized
15:11:01,230 INFO  [WatchDog] [/home/sisisisi/apache-tomcat-9.0.12/webapps/ode/WEB-INF/conf/schedules.xml] initialized
15:11:31,234 INFO  [WatchDog] [/home/sisisisi/apache-tomcat-9.0.12/webapps/ode/WEB-INF/conf/schedules.xml] initialized
15:12:01,238 INFO  [WatchDog] [/home/sisisisi/apache-tomcat-9.0.12/webapps/ode/WEB-INF/conf/schedules.xml] initialized
15:12:31,242 INFO  [WatchDog] [/home/sisisisi/apache-tomcat-9.0.12/webapps/ode/WEB-INF/conf/schedules.xml] initialized
15:13:01,246 INFO  [WatchDog] [/home/sisisisi/apache-tomcat-9.0.12/webapps/ode/WEB-INF/conf/schedules.xml] initialized
15:13:31,250 INFO  [WatchDog] [/home/sisisisi/apache-tomcat-9.0.12/webapps/ode/WEB-INF/conf/schedules.xml] initialized
15:14:01,254 INFO  [WatchDog] [/home/sisisisi/apache-tomcat-9.0.12/webapps/ode/WEB-INF/conf/schedules.xml] initialized
15:14:31,258 INFO  [WatchDog] [/home/sisisisi/apache-tomcat-9.0.12/webapps/ode/WEB-INF/conf/schedules.xml] initialized
15:15:01,262 INFO  [WatchDog] [/home/sisisisi/apache-tomcat-9.0.12/webapps/ode/WEB-INF/conf/schedules.xml] initialized
15:15:31,265 INFO  [WatchDog] [/home/sisisisi/apache-tomcat-9.0.12/webapps/ode/WEB-INF/conf/schedules.xml] initialized
15:16:01,270 INFO  [WatchDog] [/home/sisisisi/apache-tomcat-9.0.12/webapps/ode/WEB-INF/conf/schedules.xml] initialized
15:16:31,273 INFO  [WatchDog] [/home/sisisisi/apache-tomcat-9.0.12/webapps/ode/WEB-INF/conf/schedules.xml] initialized
15:17:01,277 INFO  [WatchDog] [/home/sisisisi/apache-tomcat-9.0.12/webapps/ode/WEB-INF/conf/schedules.xml] initialized
15:17:31,281 INFO  [WatchDog] [/home/sisisisi/apache-tomcat-9.0.12/webapps/ode/WEB-INF/conf/schedules.xml] initialized
15:18:01,285 INFO  [WatchDog] [/home/sisisisi/apache-tomcat-9.0.12/webapps/ode/WEB-INF/conf/schedules.xml] initialized
15:18:31,289 INFO  [WatchDog] [/home/sisisisi/apache-tomcat-9.0.12/webapps/ode/WEB-INF/conf/schedules.xml] initialized
15:19:01,293 INFO  [WatchDog] [/home/sisisisi/apache-tomcat-9.0.12/webapps/ode/WEB-INF/conf/schedules.xml] initialized
15:19:31,296 INFO  [WatchDog] [/home/sisisisi/apache-tomcat-9.0.12/webapps/ode/WEB-INF/conf/schedules.xml] initialized
15:20:01,300 INFO  [WatchDog] [/home/sisisisi/apache-tomcat-9.0.12/webapps/ode/WEB-INF/conf/schedules.xml] initialized
15:20:31,304 INFO  [WatchDog] [/home/sisisisi/apache-tomcat-9.0.12/webapps/ode/WEB-INF/conf/schedules.xml] initialized
15:21:01,308 INFO  [WatchDog] [/home/sisisisi/apache-tomcat-9.0.12/webapps/ode/WEB-INF/conf/schedules.xml] initialized
15:21:31,312 INFO  [WatchDog] [/home/sisisisi/apache-tomcat-9.0.12/webapps/ode/WEB-INF/conf/schedules.xml] initialized
15:22:01,316 INFO  [WatchDog] [/home/sisisisi/apache-tomcat-9.0.12/webapps/ode/WEB-INF/conf/schedules.xml] initialized
15:22:31,321 INFO  [WatchDog] [/home/sisisisi/apache-tomcat-9.0.12/webapps/ode/WEB-INF/conf/schedules.xml] initialized
15:23:01,324 INFO  [WatchDog] [/home/sisisisi/apache-tomcat-9.0.12/webapps/ode/WEB-INF/conf/schedules.xml] initialized
15:23:31,328 INFO  [WatchDog] [/home/sisisisi/apache-tomcat-9.0.12/webapps/ode/WEB-INF/conf/schedules.xml] initialized
15:24:01,333 INFO  [WatchDog] [/home/sisisisi/apache-tomcat-9.0.12/webapps/ode/WEB-INF/conf/schedules.xml] initialized
15:24:31,337 INFO  [WatchDog] [/home/sisisisi/apache-tomcat-9.0.12/webapps/ode/WEB-INF/conf/schedules.xml] initialized
15:25:01,341 INFO  [WatchDog] [/home/sisisisi/apache-tomcat-9.0.12/webapps/ode/WEB-INF/conf/schedules.xml] initialized
15:25:31,345 INFO  [WatchDog] [/home/sisisisi/apache-tomcat-9.0.12/webapps/ode/WEB-INF/conf/schedules.xml] initialized
15:26:01,350 INFO  [WatchDog] [/home/sisisisi/apache-tomcat-9.0.12/webapps/ode/WEB-INF/conf/schedules.xml] initialized
15:26:31,354 INFO  [WatchDog] [/home/sisisisi/apache-tomcat-9.0.12/webapps/ode/WEB-INF/conf/schedules.xml] initialized
15:27:01,358 INFO  [WatchDog] [/home/sisisisi/apache-tomcat-9.0.12/webapps/ode/WEB-INF/conf/schedules.xml] initialized
15:27:31,363 INFO  [WatchDog] [/home/sisisisi/apache-tomcat-9.0.12/webapps/ode/WEB-INF/conf/schedules.xml] initialized
15:28:01,367 INFO  [WatchDog] [/home/sisisisi/apache-tomcat-9.0.12/webapps/ode/WEB-INF/conf/schedules.xml] initialized
15:28:31,371 INFO  [WatchDog] [/home/sisisisi/apache-tomcat-9.0.12/webapps/ode/WEB-INF/conf/schedules.xml] initialized
15:29:01,376 INFO  [WatchDog] [/home/sisisisi/apache-tomcat-9.0.12/webapps/ode/WEB-INF/conf/schedules.xml] initialized
15:29:31,380 INFO  [WatchDog] [/home/sisisisi/apache-tomcat-9.0.12/webapps/ode/WEB-INF/conf/schedules.xml] initialized
15:30:01,384 INFO  [WatchDog] [/home/sisisisi/apache-tomcat-9.0.12/webapps/ode/WEB-INF/conf/schedules.xml] initialized
15:30:31,388 INFO  [WatchDog] [/home/sisisisi/apache-tomcat-9.0.12/webapps/ode/WEB-INF/conf/schedules.xml] initialized
15:31:01,393 INFO  [WatchDog] [/home/sisisisi/apache-tomcat-9.0.12/webapps/ode/WEB-INF/conf/schedules.xml] initialized
15:31:31,397 INFO  [WatchDog] [/home/sisisisi/apache-tomcat-9.0.12/webapps/ode/WEB-INF/conf/schedules.xml] initialized
15:32:01,401 INFO  [WatchDog] [/home/sisisisi/apache-tomcat-9.0.12/webapps/ode/WEB-INF/conf/schedules.xml] initialized
15:32:04,007 INFO  [TCPTransportSender] TCP Sender Shutdown
15:32:04,130 INFO  [BpelServerImpl] BPEL Server Stopped.
15:32:04,143 INFO  [ODEServer] Shutdown completed. 
